\BOOKMARK [0][-]{chapter.1}{}{}% 1
\BOOKMARK [1][-]{section.1.1}{\376\377\004\042\004\065\004\076\004\100\004\065\004\102\004\070\004\107\004\065\004\101\004\072\004\070\004\071\000\040\004\074\004\060\004\102\004\065\004\100\004\070\004\060\004\073}{chapter.1}% 2
\BOOKMARK [2][-]{subsection.1.1.1}{\376\377\004\036\004\106\004\065\004\075\004\072\004\060\000\040\004\077\004\076\004\063\004\100\004\065\004\110\004\075\004\076\004\101\004\102\004\070\000\040\004\077\004\076\000\040\004\040\004\070\004\107\004\060\004\100\004\064\004\101\004\076\004\075\004\103}{section.1.1}% 3
\BOOKMARK [2][-]{subsection.1.1.2}{\376\377\004\036\004\106\004\065\004\075\004\072\004\060\000\040\004\077\004\076\004\063\004\100\004\065\004\110\004\075\004\076\004\101\004\102\004\070\000\040\004\077\004\076\000\040\004\055\004\071\004\102\004\072\004\065\004\075\004\103}{section.1.1}% 4
\BOOKMARK [2][-]{subsection.1.1.3}{\376\377\004\040\004\065\004\072\004\103\004\100\004\100\004\065\004\075\004\102\004\075\004\076\004\065\000\040\004\101\004\063\004\103\004\111\004\065\004\075\004\070\004\065}{section.1.1}% 5
\BOOKMARK [2][-]{subsection.1.1.4}{\376\377\004\055\004\104\004\104\004\065\004\072\004\102\004\070\004\062\004\075\004\113\004\071\000\040\004\077\004\076\004\100\004\117\004\064\004\076\004\072\000\040\004\074\004\065\004\102\004\076\004\064\004\060}{section.1.1}% 6
\BOOKMARK [1][-]{section.1.2}{\376\377\004\027\004\060\004\064\004\060\004\075\004\070\004\065}{chapter.1}% 7
\BOOKMARK [0][-]{chapter.2}{}{}% 8
\BOOKMARK [1][-]{section.2.1}{\376\377\004\042\004\065\004\076\004\100\004\065\004\102\004\070\004\107\004\065\004\101\004\072\004\070\004\071\000\040\004\074\004\060\004\102\004\065\004\100\004\070\004\060\004\073}{chapter.2}% 9
\BOOKMARK [1][-]{section.2.2}{\376\377\004\027\004\060\004\064\004\060\004\075\004\070\004\065}{chapter.2}% 10
\BOOKMARK [0][-]{chapter.3}{}{}% 11
\BOOKMARK [1][-]{section.3.1}{\376\377\004\042\004\065\004\076\004\100\004\065\004\102\004\070\004\107\004\065\004\101\004\072\004\070\004\071\000\040\004\074\004\060\004\102\004\065\004\100\004\070\004\060\004\073}{chapter.3}% 12
\BOOKMARK [1][-]{section.3.2}{\376\377\004\027\004\060\004\064\004\060\004\075\004\070\004\065}{chapter.3}% 13
\BOOKMARK [0][-]{chapter.4}{}{}% 14
\BOOKMARK [1][-]{section.4.1}{\376\377\004\042\004\065\004\076\004\100\004\065\004\102\004\070\004\107\004\065\004\101\004\072\004\070\004\071\000\040\004\074\004\060\004\102\004\065\004\100\004\070\004\060\004\073}{chapter.4}% 15
\BOOKMARK [1][-]{section.4.2}{\376\377\004\027\004\060\004\064\004\060\004\075\004\070\004\065}{chapter.4}% 16
\BOOKMARK [0][-]{chapter.5}{}{}% 17
\BOOKMARK [1][-]{section.5.1}{\376\377\004\042\004\065\004\076\004\100\004\065\004\102\004\070\004\107\004\065\004\101\004\072\004\070\004\071\000\040\004\074\004\060\004\102\004\065\004\100\004\070\004\060\004\073}{chapter.5}% 18
\BOOKMARK [1][-]{section.5.2}{\376\377\004\027\004\060\004\064\004\060\004\075\004\070\004\065}{chapter.5}% 19
\BOOKMARK [0][-]{chapter.6}{}{}% 20
\BOOKMARK [1][-]{section.6.1}{\376\377\004\042\004\065\004\076\004\100\004\065\004\102\004\070\004\107\004\065\004\101\004\072\004\070\004\071\000\040\004\074\004\060\004\102\004\065\004\100\004\070\004\060\004\073}{chapter.6}% 21
\BOOKMARK [1][-]{section.6.2}{\376\377\004\027\004\060\004\064\004\060\004\075\004\070\004\065}{chapter.6}% 22
\BOOKMARK [0][-]{chapter.7}{}{}% 23
\BOOKMARK [1][-]{section.7.1}{\376\377\004\042\004\065\004\076\004\100\004\065\004\102\004\070\004\107\004\065\004\101\004\072\004\070\004\071\000\040\004\074\004\060\004\102\004\065\004\100\004\070\004\060\004\073}{chapter.7}% 24
\BOOKMARK [1][-]{section.7.2}{\376\377\004\027\004\060\004\064\004\060\004\075\004\070\004\065}{chapter.7}% 25
\BOOKMARK [0][-]{chapter.8}{}{}% 26
\BOOKMARK [1][-]{section.8.1}{\376\377\004\027\004\060\004\064\004\060\004\075\004\070\004\065}{chapter.8}% 27
\BOOKMARK [0][-]{chapter.9}{}{}% 28
\BOOKMARK [1][-]{section.9.1}{\376\377\004\027\004\060\004\064\004\060\004\075\004\070\004\065}{chapter.9}% 29
\BOOKMARK [1][-]{section.9.2}{\376\377\004\043\004\072\004\060\004\067\004\060\004\075\004\070\004\117}{chapter.9}% 30
\BOOKMARK [0][-]{chapter.10}{}{}% 31
\BOOKMARK [1][-]{section.10.1}{\376\377\004\027\004\060\004\064\004\060\004\075\004\070\004\065}{chapter.10}% 32
\BOOKMARK [1][-]{section.10.2}{\376\377\004\043\004\072\004\060\004\067\004\060\004\075\004\070\004\117}{chapter.10}% 33
\BOOKMARK [0][-]{chapter.11}{}{}% 34
\BOOKMARK [1][-]{section.11.1}{\376\377\004\027\004\060\004\064\004\060\004\075\004\070\004\065}{chapter.11}% 35
\BOOKMARK [1][-]{section.11.2}{\376\377\004\043\004\072\004\060\004\067\004\060\004\075\004\070\004\117}{chapter.11}% 36
\BOOKMARK [0][-]{chapter.12}{}{}% 37
\BOOKMARK [1][-]{section.12.1}{\376\377\004\042\004\065\004\076\004\100\004\065\004\102\004\070\004\107\004\065\004\101\004\072\004\070\004\071\000\040\004\074\004\060\004\102\004\065\004\100\004\070\004\060\004\073}{chapter.12}% 38
\BOOKMARK [1][-]{section.12.2}{\376\377\004\027\004\060\004\064\004\060\004\075\004\070\004\065}{chapter.12}% 39
\BOOKMARK [0][-]{chapter.13}{}{}% 40
\BOOKMARK [1][-]{section.13.1}{\376\377\004\042\004\065\004\076\004\100\004\065\004\102\004\070\004\107\004\065\004\101\004\072\004\070\004\071\000\040\004\074\004\060\004\102\004\065\004\100\004\070\004\060\004\073}{chapter.13}% 41
\BOOKMARK [1][-]{section.13.2}{\376\377\004\027\004\060\004\064\004\060\004\075\004\070\004\065}{chapter.13}% 42
